DEB [20220726-14:21:23.768] thr=1   paramiko.transport: starting thread (client mode): 0x4731e310
DEB [20220726-14:21:23.769] thr=1   paramiko.transport: Local version/idstring: SSH-2.0-paramiko_2.8.1
DEB [20220726-14:21:23.927] thr=1   paramiko.transport: Remote version/idstring: SSH-2.0-OpenSSH_8.2
INF [20220726-14:21:23.927] thr=1   paramiko.transport: Connected (version 2.0, client OpenSSH_8.2)
DEB [20220726-14:21:23.960] thr=1   paramiko.transport: kex algos:['curve25519-sha256', 'curve25519-sha256@libssh.org', 'ecdh-sha2-nistp256', 'ecdh-sha2-nistp384', 'ecdh-sha2-nistp521', 'diffie-hellman-group-exchange-sha256', 'diffie-hellman-group16-sha512', 'diffie-hellman-group18-sha512', 'diffie-hellman-group14-sha256'] server key:['rsa-sha2-512', 'rsa-sha2-256', 'ssh-rsa', 'ecdsa-sha2-nistp256', 'ssh-ed25519'] client encrypt:['chacha20-poly1305@openssh.com', 'aes128-ctr', 'aes192-ctr', 'aes256-ctr', 'aes128-gcm@openssh.com', 'aes256-gcm@openssh.com'] server encrypt:['chacha20-poly1305@openssh.com', 'aes128-ctr', 'aes192-ctr', 'aes256-ctr', 'aes128-gcm@openssh.com', 'aes256-gcm@openssh.com'] client mac:['umac-64-etm@openssh.com', 'umac-128-etm@openssh.com', 'hmac-sha2-256-etm@openssh.com', 'hmac-sha2-512-etm@openssh.com', 'hmac-sha1-etm@openssh.com', 'umac-64@openssh.com', 'umac-128@openssh.com', 'hmac-sha2-256', 'hmac-sha2-512', 'hmac-sha1'] server mac:['umac-64-etm@openssh.com', 'umac-128-etm@openssh.com', 'hmac-sha2-256-etm@openssh.com', 'hmac-sha2-512-etm@openssh.com', 'hmac-sha1-etm@openssh.com', 'umac-64@openssh.com', 'umac-128@openssh.com', 'hmac-sha2-256', 'hmac-sha2-512', 'hmac-sha1'] client compress:['none', 'zlib@openssh.com'] server compress:['none', 'zlib@openssh.com'] client lang:[''] server lang:[''] kex follows?False
DEB [20220726-14:21:23.974] thr=1   paramiko.transport: Kex agreed: curve25519-sha256@libssh.org
DEB [20220726-14:21:23.974] thr=1   paramiko.transport: HostKey agreed: ssh-ed25519
DEB [20220726-14:21:23.974] thr=1   paramiko.transport: Cipher agreed: aes128-ctr
DEB [20220726-14:21:23.974] thr=1   paramiko.transport: MAC agreed: hmac-sha2-256
DEB [20220726-14:21:23.974] thr=1   paramiko.transport: Compression agreed: none
DEB [20220726-14:21:24.037] thr=1   paramiko.transport: kex engine KexCurve25519 specified hash_algo <built-in function openssl_sha256>
DEB [20220726-14:21:24.037] thr=1   paramiko.transport: Switch to new keys ...
DEB [20220726-14:21:24.037] thr=2   paramiko.transport: Attempting password auth...
DEB [20220726-14:21:24.176] thr=1   paramiko.transport: userauth is OK
INF [20220726-14:21:24.400] thr=1   paramiko.transport: Authentication (password) successful!
DEB [20220726-14:21:24.400] thr=2   paramiko.transport: [chan 0] Max packet in: 32768 bytes
DEB [20220726-14:21:24.440] thr=1   paramiko.transport: Received global request "hostkeys-00@openssh.com"
DEB [20220726-14:21:24.440] thr=1   paramiko.transport: Rejecting "hostkeys-00@openssh.com" global request from server.
DEB [20220726-14:21:24.544] thr=1   paramiko.transport: [chan 0] Max packet out: 32768 bytes
DEB [20220726-14:21:24.544] thr=1   paramiko.transport: Secsh channel 0 opened.
DEB [20220726-14:21:24.577] thr=1   paramiko.transport: [chan 0] Sesch channel 0 request ok
INF [20220726-14:21:24.682] thr=2   paramiko.transport.sftp: [chan 0] Opened sftp connection (server version 3)
DEB [20220726-14:21:24.682] thr=2   paramiko.transport.sftp: [chan 0] stat(b'/scambio_famiglia/pellegrino_test')
DEB [20220726-14:21:24.727] thr=2   paramiko.transport.sftp: [chan 0] normalize(b'/scambio_famiglia/pellegrino_test')
DEB [20220726-14:21:24.773] thr=2   paramiko.transport.sftp: [chan 0] stat(b'/scambio_famiglia/pellegrino_test')
DEB [20220726-14:21:24.812] thr=2   paramiko.transport.sftp: [chan 0] normalize(b'/scambio_famiglia/pellegrino_test')
DEB [20220726-14:21:24.857] thr=2   paramiko.transport.sftp: [chan 0] open(b'/scambio_famiglia/pellegrino_test/IGNORARE_CANCELLARE_test_00.txt', 'wb')
DEB [20220726-14:21:24.896] thr=2   paramiko.transport.sftp: [chan 0] open(b'/scambio_famiglia/pellegrino_test/IGNORARE_CANCELLARE_test_00.txt', 'wb') -> 00000000
DEB [20220726-14:21:24.896] thr=2   paramiko.transport.sftp: [chan 0] close(00000000)
DEB [20220726-14:21:24.938] thr=2   paramiko.transport.sftp: [chan 0] stat(b'/scambio_famiglia/pellegrino_test/IGNORARE_CANCELLARE_test_00.txt')
DEB [20220726-14:21:24.985] thr=2   paramiko.transport.sftp: [chan 0] stat(b'/scambio_famiglia/pellegrino_test')
DEB [20220726-14:21:25.017] thr=2   paramiko.transport.sftp: [chan 0] normalize(b'/scambio_famiglia/pellegrino_test')
DEB [20220726-14:21:25.064] thr=2   paramiko.transport.sftp: [chan 0] open(b'/scambio_famiglia/pellegrino_test/IGNORARE_CANCELLARE_test_01.txt', 'wb')
DEB [20220726-14:21:25.113] thr=2   paramiko.transport.sftp: [chan 0] open(b'/scambio_famiglia/pellegrino_test/IGNORARE_CANCELLARE_test_01.txt', 'wb') -> 00000000
DEB [20220726-14:21:25.114] thr=2   paramiko.transport.sftp: [chan 0] close(00000000)
DEB [20220726-14:21:25.151] thr=2   paramiko.transport.sftp: [chan 0] stat(b'/scambio_famiglia/pellegrino_test/IGNORARE_CANCELLARE_test_01.txt')
DEB [20220726-14:21:25.192] thr=2   paramiko.transport.sftp: [chan 0] stat(b'/scambio_famiglia/pellegrino_test')
DEB [20220726-14:21:25.231] thr=2   paramiko.transport.sftp: [chan 0] normalize(b'/scambio_famiglia/pellegrino_test')
DEB [20220726-14:21:25.261] thr=2   paramiko.transport.sftp: [chan 0] open(b'/scambio_famiglia/pellegrino_test/IGNORARE_CANCELLARE_test_02.txt', 'wb')
DEB [20220726-14:21:25.306] thr=2   paramiko.transport.sftp: [chan 0] open(b'/scambio_famiglia/pellegrino_test/IGNORARE_CANCELLARE_test_02.txt', 'wb') -> 00000000
DEB [20220726-14:21:25.306] thr=2   paramiko.transport.sftp: [chan 0] close(00000000)
DEB [20220726-14:21:25.344] thr=2   paramiko.transport.sftp: [chan 0] stat(b'/scambio_famiglia/pellegrino_test/IGNORARE_CANCELLARE_test_02.txt')
INF [20220726-14:21:25.377] thr=2   paramiko.transport.sftp: [chan 0] sftp session closed.
DEB [20220726-14:21:25.377] thr=2   paramiko.transport: [chan 0] EOF sent (0)
DEB [20220726-14:21:25.384] thr=1   paramiko.transport: EOF in transport thread
DEB [20220726-14:23:07.608] thr=1   paramiko.transport: starting thread (client mode): 0x73f2e310
DEB [20220726-14:23:07.610] thr=1   paramiko.transport: Local version/idstring: SSH-2.0-paramiko_2.8.1
DEB [20220726-14:23:07.766] thr=1   paramiko.transport: Remote version/idstring: SSH-2.0-OpenSSH_8.2
INF [20220726-14:23:07.766] thr=1   paramiko.transport: Connected (version 2.0, client OpenSSH_8.2)
DEB [20220726-14:23:07.808] thr=1   paramiko.transport: kex algos:['curve25519-sha256', 'curve25519-sha256@libssh.org', 'ecdh-sha2-nistp256', 'ecdh-sha2-nistp384', 'ecdh-sha2-nistp521', 'diffie-hellman-group-exchange-sha256', 'diffie-hellman-group16-sha512', 'diffie-hellman-group18-sha512', 'diffie-hellman-group14-sha256'] server key:['rsa-sha2-512', 'rsa-sha2-256', 'ssh-rsa', 'ecdsa-sha2-nistp256', 'ssh-ed25519'] client encrypt:['chacha20-poly1305@openssh.com', 'aes128-ctr', 'aes192-ctr', 'aes256-ctr', 'aes128-gcm@openssh.com', 'aes256-gcm@openssh.com'] server encrypt:['chacha20-poly1305@openssh.com', 'aes128-ctr', 'aes192-ctr', 'aes256-ctr', 'aes128-gcm@openssh.com', 'aes256-gcm@openssh.com'] client mac:['umac-64-etm@openssh.com', 'umac-128-etm@openssh.com', 'hmac-sha2-256-etm@openssh.com', 'hmac-sha2-512-etm@openssh.com', 'hmac-sha1-etm@openssh.com', 'umac-64@openssh.com', 'umac-128@openssh.com', 'hmac-sha2-256', 'hmac-sha2-512', 'hmac-sha1'] server mac:['umac-64-etm@openssh.com', 'umac-128-etm@openssh.com', 'hmac-sha2-256-etm@openssh.com', 'hmac-sha2-512-etm@openssh.com', 'hmac-sha1-etm@openssh.com', 'umac-64@openssh.com', 'umac-128@openssh.com', 'hmac-sha2-256', 'hmac-sha2-512', 'hmac-sha1'] client compress:['none', 'zlib@openssh.com'] server compress:['none', 'zlib@openssh.com'] client lang:[''] server lang:[''] kex follows?False
DEB [20220726-14:23:07.809] thr=1   paramiko.transport: Kex agreed: curve25519-sha256@libssh.org
DEB [20220726-14:23:07.809] thr=1   paramiko.transport: HostKey agreed: ssh-ed25519
DEB [20220726-14:23:07.809] thr=1   paramiko.transport: Cipher agreed: aes128-ctr
DEB [20220726-14:23:07.809] thr=1   paramiko.transport: MAC agreed: hmac-sha2-256
DEB [20220726-14:23:07.810] thr=1   paramiko.transport: Compression agreed: none
DEB [20220726-14:23:07.881] thr=1   paramiko.transport: kex engine KexCurve25519 specified hash_algo <built-in function openssl_sha256>
DEB [20220726-14:23:07.881] thr=1   paramiko.transport: Switch to new keys ...
DEB [20220726-14:23:07.882] thr=2   paramiko.transport: Attempting password auth...
DEB [20220726-14:23:08.035] thr=1   paramiko.transport: userauth is OK
INF [20220726-14:23:08.251] thr=1   paramiko.transport: Authentication (password) successful!
DEB [20220726-14:23:08.251] thr=2   paramiko.transport: [chan 0] Max packet in: 32768 bytes
DEB [20220726-14:23:08.293] thr=1   paramiko.transport: Received global request "hostkeys-00@openssh.com"
DEB [20220726-14:23:08.293] thr=1   paramiko.transport: Rejecting "hostkeys-00@openssh.com" global request from server.
DEB [20220726-14:23:08.477] thr=1   paramiko.transport: [chan 0] Max packet out: 32768 bytes
DEB [20220726-14:23:08.477] thr=1   paramiko.transport: Secsh channel 0 opened.
DEB [20220726-14:23:08.528] thr=1   paramiko.transport: [chan 0] Sesch channel 0 request ok
INF [20220726-14:23:08.596] thr=2   paramiko.transport.sftp: [chan 0] Opened sftp connection (server version 3)
DEB [20220726-14:23:08.597] thr=2   paramiko.transport.sftp: [chan 0] stat(b'/scambio_famiglia/pellegrino_test')
DEB [20220726-14:23:08.638] thr=2   paramiko.transport.sftp: [chan 0] normalize(b'/scambio_famiglia/pellegrino_test')
INF [20220726-14:23:08.678] thr=2   paramiko.transport.sftp: [chan 0] sftp session closed.
DEB [20220726-14:23:08.678] thr=2   paramiko.transport: [chan 0] EOF sent (0)
DEB [20220726-14:23:08.679] thr=1   paramiko.transport: EOF in transport thread
DEB [20220726-14:24:54.519] thr=1   paramiko.transport: starting thread (client mode): 0x47b6e310
DEB [20220726-14:24:54.519] thr=1   paramiko.transport: Local version/idstring: SSH-2.0-paramiko_2.8.1
DEB [20220726-14:24:54.685] thr=1   paramiko.transport: Remote version/idstring: SSH-2.0-OpenSSH_8.2
INF [20220726-14:24:54.685] thr=1   paramiko.transport: Connected (version 2.0, client OpenSSH_8.2)
DEB [20220726-14:24:54.737] thr=1   paramiko.transport: kex algos:['curve25519-sha256', 'curve25519-sha256@libssh.org', 'ecdh-sha2-nistp256', 'ecdh-sha2-nistp384', 'ecdh-sha2-nistp521', 'diffie-hellman-group-exchange-sha256', 'diffie-hellman-group16-sha512', 'diffie-hellman-group18-sha512', 'diffie-hellman-group14-sha256'] server key:['rsa-sha2-512', 'rsa-sha2-256', 'ssh-rsa', 'ecdsa-sha2-nistp256', 'ssh-ed25519'] client encrypt:['chacha20-poly1305@openssh.com', 'aes128-ctr', 'aes192-ctr', 'aes256-ctr', 'aes128-gcm@openssh.com', 'aes256-gcm@openssh.com'] server encrypt:['chacha20-poly1305@openssh.com', 'aes128-ctr', 'aes192-ctr', 'aes256-ctr', 'aes128-gcm@openssh.com', 'aes256-gcm@openssh.com'] client mac:['umac-64-etm@openssh.com', 'umac-128-etm@openssh.com', 'hmac-sha2-256-etm@openssh.com', 'hmac-sha2-512-etm@openssh.com', 'hmac-sha1-etm@openssh.com', 'umac-64@openssh.com', 'umac-128@openssh.com', 'hmac-sha2-256', 'hmac-sha2-512', 'hmac-sha1'] server mac:['umac-64-etm@openssh.com', 'umac-128-etm@openssh.com', 'hmac-sha2-256-etm@openssh.com', 'hmac-sha2-512-etm@openssh.com', 'hmac-sha1-etm@openssh.com', 'umac-64@openssh.com', 'umac-128@openssh.com', 'hmac-sha2-256', 'hmac-sha2-512', 'hmac-sha1'] client compress:['none', 'zlib@openssh.com'] server compress:['none', 'zlib@openssh.com'] client lang:[''] server lang:[''] kex follows?False
DEB [20220726-14:24:54.737] thr=1   paramiko.transport: Kex agreed: curve25519-sha256@libssh.org
DEB [20220726-14:24:54.737] thr=1   paramiko.transport: HostKey agreed: ssh-ed25519
DEB [20220726-14:24:54.737] thr=1   paramiko.transport: Cipher agreed: aes128-ctr
DEB [20220726-14:24:54.737] thr=1   paramiko.transport: MAC agreed: hmac-sha2-256
DEB [20220726-14:24:54.737] thr=1   paramiko.transport: Compression agreed: none
DEB [20220726-14:24:54.815] thr=1   paramiko.transport: kex engine KexCurve25519 specified hash_algo <built-in function openssl_sha256>
DEB [20220726-14:24:54.817] thr=1   paramiko.transport: Switch to new keys ...
DEB [20220726-14:24:54.817] thr=2   paramiko.transport: Attempting password auth...
DEB [20220726-14:24:55.000] thr=1   paramiko.transport: userauth is OK
INF [20220726-14:24:55.221] thr=1   paramiko.transport: Authentication (password) successful!
DEB [20220726-14:24:55.222] thr=2   paramiko.transport: [chan 0] Max packet in: 32768 bytes
DEB [20220726-14:24:55.275] thr=1   paramiko.transport: Received global request "hostkeys-00@openssh.com"
DEB [20220726-14:24:55.275] thr=1   paramiko.transport: Rejecting "hostkeys-00@openssh.com" global request from server.
DEB [20220726-14:24:55.391] thr=1   paramiko.transport: [chan 0] Max packet out: 32768 bytes
DEB [20220726-14:24:55.391] thr=1   paramiko.transport: Secsh channel 0 opened.
DEB [20220726-14:24:55.447] thr=1   paramiko.transport: [chan 0] Sesch channel 0 request ok
INF [20220726-14:24:55.524] thr=2   paramiko.transport.sftp: [chan 0] Opened sftp connection (server version 3)
DEB [20220726-14:24:55.524] thr=2   paramiko.transport.sftp: [chan 0] stat(b'/scambio_famiglia/pellegrino_test')
DEB [20220726-14:24:55.572] thr=2   paramiko.transport.sftp: [chan 0] normalize(b'/scambio_famiglia/pellegrino_test')
INF [20220726-14:24:55.623] thr=2   paramiko.transport.sftp: [chan 0] sftp session closed.
DEB [20220726-14:24:55.624] thr=2   paramiko.transport: [chan 0] EOF sent (0)
DEB [20220726-14:26:13.959] thr=1   paramiko.transport: starting thread (client mode): 0x6b65e3d0
DEB [20220726-14:26:13.960] thr=1   paramiko.transport: Local version/idstring: SSH-2.0-paramiko_2.8.1
DEB [20220726-14:26:14.144] thr=1   paramiko.transport: Remote version/idstring: SSH-2.0-OpenSSH_8.2
INF [20220726-14:26:14.145] thr=1   paramiko.transport: Connected (version 2.0, client OpenSSH_8.2)
DEB [20220726-14:26:14.211] thr=1   paramiko.transport: kex algos:['curve25519-sha256', 'curve25519-sha256@libssh.org', 'ecdh-sha2-nistp256', 'ecdh-sha2-nistp384', 'ecdh-sha2-nistp521', 'diffie-hellman-group-exchange-sha256', 'diffie-hellman-group16-sha512', 'diffie-hellman-group18-sha512', 'diffie-hellman-group14-sha256'] server key:['rsa-sha2-512', 'rsa-sha2-256', 'ssh-rsa', 'ecdsa-sha2-nistp256', 'ssh-ed25519'] client encrypt:['chacha20-poly1305@openssh.com', 'aes128-ctr', 'aes192-ctr', 'aes256-ctr', 'aes128-gcm@openssh.com', 'aes256-gcm@openssh.com'] server encrypt:['chacha20-poly1305@openssh.com', 'aes128-ctr', 'aes192-ctr', 'aes256-ctr', 'aes128-gcm@openssh.com', 'aes256-gcm@openssh.com'] client mac:['umac-64-etm@openssh.com', 'umac-128-etm@openssh.com', 'hmac-sha2-256-etm@openssh.com', 'hmac-sha2-512-etm@openssh.com', 'hmac-sha1-etm@openssh.com', 'umac-64@openssh.com', 'umac-128@openssh.com', 'hmac-sha2-256', 'hmac-sha2-512', 'hmac-sha1'] server mac:['umac-64-etm@openssh.com', 'umac-128-etm@openssh.com', 'hmac-sha2-256-etm@openssh.com', 'hmac-sha2-512-etm@openssh.com', 'hmac-sha1-etm@openssh.com', 'umac-64@openssh.com', 'umac-128@openssh.com', 'hmac-sha2-256', 'hmac-sha2-512', 'hmac-sha1'] client compress:['none', 'zlib@openssh.com'] server compress:['none', 'zlib@openssh.com'] client lang:[''] server lang:[''] kex follows?False
DEB [20220726-14:26:14.211] thr=1   paramiko.transport: Kex agreed: curve25519-sha256@libssh.org
DEB [20220726-14:26:14.211] thr=1   paramiko.transport: HostKey agreed: ssh-ed25519
DEB [20220726-14:26:14.211] thr=1   paramiko.transport: Cipher agreed: aes128-ctr
DEB [20220726-14:26:14.212] thr=1   paramiko.transport: MAC agreed: hmac-sha2-256
DEB [20220726-14:26:14.212] thr=1   paramiko.transport: Compression agreed: none
DEB [20220726-14:26:14.290] thr=1   paramiko.transport: kex engine KexCurve25519 specified hash_algo <built-in function openssl_sha256>
DEB [20220726-14:26:14.290] thr=1   paramiko.transport: Switch to new keys ...
DEB [20220726-14:26:14.291] thr=2   paramiko.transport: Attempting password auth...
DEB [20220726-14:26:14.451] thr=1   paramiko.transport: userauth is OK
INF [20220726-14:26:14.673] thr=1   paramiko.transport: Authentication (password) successful!
DEB [20220726-14:26:14.674] thr=2   paramiko.transport: [chan 0] Max packet in: 32768 bytes
DEB [20220726-14:26:14.724] thr=1   paramiko.transport: Received global request "hostkeys-00@openssh.com"
DEB [20220726-14:26:14.724] thr=1   paramiko.transport: Rejecting "hostkeys-00@openssh.com" global request from server.
DEB [20220726-14:26:14.975] thr=1   paramiko.transport: [chan 0] Max packet out: 32768 bytes
DEB [20220726-14:26:14.975] thr=1   paramiko.transport: Secsh channel 0 opened.
DEB [20220726-14:26:15.020] thr=1   paramiko.transport: [chan 0] Sesch channel 0 request ok
INF [20220726-14:26:15.083] thr=2   paramiko.transport.sftp: [chan 0] Opened sftp connection (server version 3)
DEB [20220726-14:26:15.083] thr=2   paramiko.transport.sftp: [chan 0] stat(b'/scambio_famiglia/pellegrino_test')
DEB [20220726-14:26:15.133] thr=2   paramiko.transport.sftp: [chan 0] normalize(b'/scambio_famiglia/pellegrino_test')
INF [20220726-14:26:15.184] thr=2   paramiko.transport.sftp: [chan 0] sftp session closed.
DEB [20220726-14:26:15.184] thr=2   paramiko.transport: [chan 0] EOF sent (0)
DEB [20220726-14:26:15.185] thr=1   paramiko.transport: EOF in transport thread
